<?xml version="1.0" encoding="UTF-8"?>
<!-- Generated by org.testng.reporters.JUnitReportReporter -->
<testsuite hostname="S3-PC" name="TestNG.TC_002" tests="1" failures="0" timestamp="13 Nov 2019 08:28:18 GMT" time="0.011" errors="0">
  <testcase name="TC002" time="0.011" classname="TestNG.TC_002"/>
</testsuite> <!-- TestNG.TC_002 -->
