<?xml version="1.0" encoding="UTF-8"?>
<!-- Generated by org.testng.reporters.JUnitReportReporter -->
<testsuite hostname="S3-PC" name="testNGConcept.TestNG_Demo" tests="1" failures="0" timestamp="13 Nov 2019 11:42:37 GMT" time="0.016" errors="0">
  <testcase name="TC001" time="0.016" classname="testNGConcept.TestNG_Demo"/>
</testsuite> <!-- testNGConcept.TestNG_Demo -->
