<?xml version="1.0" encoding="UTF-8"?>
<!-- Generated by org.testng.reporters.JUnitReportReporter -->
<testsuite hostname="S3-PC" name="testNGConcept.TC_002" tests="1" failures="0" timestamp="13 Nov 2019 11:42:37 GMT" time="0.000" errors="0">
  <testcase name="TC001" time="0.000" classname="testNGConcept.TC_002"/>
</testsuite> <!-- testNGConcept.TC_002 -->
